<?xml version="1.0" encoding="UTF-8"?>
<!-- Generated by org.testng.reporters.JUnitXMLReporter -->
<testsuite ignored="8" hostname="DESKTOP-D2CCOMV" failures="0" tests="4" name="Test" time="0.105" errors="0" timestamp="2020-05-21T13:42:59 IST">
  <testcase classname="com.sticsoft.automation.tests.TestNGLearn01" name="itstest" time="0.008"/>
  <testcase classname="com.sticsoft.automation.tests.TestNGLearn2" name="itstest" time="0.002"/>
  <testcase classname="com.sticsoft.automation.tests.TestNGLearn3" name="itstest" time="0.002"/>
  <testcase classname="com.sticsoft.automation.tests.TestNGLearn4" name="itstest" time="0.001"/>
  <testcase classname="com.sticsoft.automation.tests.TestNGLearn01" name="itstest2" time="0.0">
    <ignored/>
  </testcase> <!-- itstest2 -->
  <testcase classname="com.sticsoft.automation.tests.TestNGLearn3" name="itstest22" time="0.0">
    <ignored/>
  </testcase> <!-- itstest22 -->
  <testcase classname="com.sticsoft.automation.tests.TestNGLearn2" name="itstest2" time="0.0">
    <ignored/>
  </testcase> <!-- itstest2 -->
  <testcase classname="com.sticsoft.automation.tests.TestNGLearn4" name="itstest22" time="0.0">
    <ignored/>
  </testcase> <!-- itstest22 -->
  <testcase classname="com.sticsoft.automation.tests.TestNGLearn01" name="itstest22" time="0.0">
    <ignored/>
  </testcase> <!-- itstest22 -->
  <testcase classname="com.sticsoft.automation.tests.TestNGLearn3" name="itstest2" time="0.0">
    <ignored/>
  </testcase> <!-- itstest2 -->
  <testcase classname="com.sticsoft.automation.tests.TestNGLearn2" name="itstest22" time="0.0">
    <ignored/>
  </testcase> <!-- itstest22 -->
  <testcase classname="com.sticsoft.automation.tests.TestNGLearn4" name="itstest2" time="0.0">
    <ignored/>
  </testcase> <!-- itstest2 -->
</testsuite> <!-- Test -->
